-------------------------------------------------------------------------------
Test set: TestSuite
-------------------------------------------------------------------------------
Tests run: 17, Failures: 1, Errors: 0, Skipped: 0, Time elapsed: 155.304 s <<< FAILURE! - in TestSuite
OrderPlacement.verifyFreeAddonsAndPricePassedFromListingToCheckoutScreen  Time elapsed: 13.582 s  <<< FAILURE!
java.lang.NoClassDefFoundError: Could not initialize class org.openqa.selenium.WebDriverException
	at OrderPlacement.verifyFreeAddonsAndPricePassedFromListingToCheckoutScreen(OrderPlacement.java:157)

