<?xml version="1.0" encoding="UTF-8"?>
<!-- Generated by org.testng.reporters.JUnitReportReporter -->
<testsuite hostname="Vinayak-Kaladhar" failures="0" tests="17" name="OrderPlacement" time="85.010" errors="3" timestamp="2022-12-31T15:27:58 IST" skipped="0">
  <testcase classname="OrderPlacement" name="verifyItemNameAndQuantityPassedFromListingToCheckoutScreen" time="10.000">
    <error message="element click intercepted: Element &lt;label class=&quot;pd-buttons__label&quot; for=&quot;type_queen-60w-x-80l-x-12h&quot;&gt;...&lt;/label&gt; is not clickable at point (1285, 729). Other element would receive the click: &lt;div class=&quot;popup__overlay&quot; data-popup-close=&quot;&quot;&gt;&lt;/div&gt;
  (Session info: chrome=108.0.5359.124)
Build info: version: &#039;4.0.0-alpha-6&#039;, revision: &#039;5f43a29cfc&#039;
System info: host: &#039;Vinayak-Kaladhar&#039;, ip: &#039;fe80:0:0:0:880:d3f6:2191:2805%en0&#039;, os.name: &#039;Mac OS X&#039;, os.arch: &#039;x86_64&#039;, os.version: &#039;11.3.1&#039;, java.version: &#039;11.0.14.1&#039;
Driver info: org.openqa.selenium.chrome.ChromeDriver
Capabilities {acceptInsecureCerts: false, browserName: chrome, browserVersion: 108.0.5359.124, chrome: {chromedriverVersion: 108.0.5359.71 (1e0e3868ee06..., userDataDir: /var/folders/xx/mjnyh9b14qz...}, goog:chromeOptions: {debuggerAddress: localhost:63377}, javascriptEnabled: true, networkConnectionEnabled: false, pageLoadStrategy: normal, platform: MAC, platformName: MAC, proxy: Proxy(), setWindowRect: true, strictFileInteractability: false, timeouts: {implicit: 0, pageLoad: 300000, script: 30000}, unhandledPromptBehavior: dismiss and notify, webauthn:extension:credBlob: true, webauthn:extension:largeBlob: true, webauthn:virtualAuthenticators: true}
Session ID: 9582031918ac979437ae19c6bdf5e862" type="org.openqa.selenium.ElementClickInterceptedException">
      <![CDATA[org.openqa.selenium.ElementClickInterceptedException: element click intercepted: Element <label class="pd-buttons__label" for="type_queen-60w-x-80l-x-12h">...</label> is not clickable at point (1285, 729). Other element would receive the click: <div class="popup__overlay" data-popup-close=""></div>
  (Session info: chrome=108.0.5359.124)
Build info: version: '4.0.0-alpha-6', revision: '5f43a29cfc'
System info: host: 'Vinayak-Kaladhar', ip: 'fe80:0:0:0:880:d3f6:2191:2805%en0', os.name: 'Mac OS X', os.arch: 'x86_64', os.version: '11.3.1', java.version: '11.0.14.1'
Driver info: org.openqa.selenium.chrome.ChromeDriver
Capabilities {acceptInsecureCerts: false, browserName: chrome, browserVersion: 108.0.5359.124, chrome: {chromedriverVersion: 108.0.5359.71 (1e0e3868ee06..., userDataDir: /var/folders/xx/mjnyh9b14qz...}, goog:chromeOptions: {debuggerAddress: localhost:63377}, javascriptEnabled: true, networkConnectionEnabled: false, pageLoadStrategy: normal, platform: MAC, platformName: MAC, proxy: Proxy(), setWindowRect: true, strictFileInteractability: false, timeouts: {implicit: 0, pageLoad: 300000, script: 30000}, unhandledPromptBehavior: dismiss and notify, webauthn:extension:credBlob: true, webauthn:extension:largeBlob: true, webauthn:virtualAuthenticators: true}
Session ID: 9582031918ac979437ae19c6bdf5e862
at java.base/jdk.internal.reflect.NativeConstructorAccessorImpl.newInstance0(Native Method)
at java.base/jdk.internal.reflect.NativeConstructorAccessorImpl.newInstance(NativeConstructorAccessorImpl.java:62)
at java.base/jdk.internal.reflect.DelegatingConstructorAccessorImpl.newInstance(DelegatingConstructorAccessorImpl.java:45)
at java.base/java.lang.reflect.Constructor.newInstance(Constructor.java:490)
at org.openqa.selenium.remote.codec.w3c.W3CHttpResponseCodec.createException(W3CHttpResponseCodec.java:196)
at org.openqa.selenium.remote.codec.w3c.W3CHttpResponseCodec.decode(W3CHttpResponseCodec.java:129)
at org.openqa.selenium.remote.codec.w3c.W3CHttpResponseCodec.decode(W3CHttpResponseCodec.java:53)
at org.openqa.selenium.remote.HttpCommandExecutor.execute(HttpCommandExecutor.java:160)
at org.openqa.selenium.remote.service.DriverCommandExecutor.execute(DriverCommandExecutor.java:83)
at org.openqa.selenium.remote.RemoteWebDriver.execute(RemoteWebDriver.java:582)
at org.openqa.selenium.remote.RemoteWebElement.execute(RemoteWebElement.java:316)
at org.openqa.selenium.remote.RemoteWebElement.click(RemoteWebElement.java:85)
at POM.ProductListingPage.clickOnModel(ProductListingPage.java:167)
at OrderPlacement.verifyItemNameAndQuantityPassedFromListingToCheckoutScreen(OrderPlacement.java:167)
at java.base/jdk.internal.reflect.NativeMethodAccessorImpl.invoke0(Native Method)
at java.base/jdk.internal.reflect.NativeMethodAccessorImpl.invoke(NativeMethodAccessorImpl.java:62)
at java.base/jdk.internal.reflect.DelegatingMethodAccessorImpl.invoke(DelegatingMethodAccessorImpl.java:43)
at java.base/java.lang.reflect.Method.invoke(Method.java:566)
at org.testng.internal.MethodInvocationHelper.invokeMethod(MethodInvocationHelper.java:134)
at org.testng.internal.TestInvoker.invokeMethod(TestInvoker.java:597)
at org.testng.internal.TestInvoker.invokeTestMethod(TestInvoker.java:173)
at org.testng.internal.MethodRunner.runInSequence(MethodRunner.java:46)
at org.testng.internal.TestInvoker$MethodInvocationAgent.invoke(TestInvoker.java:816)
at org.testng.internal.TestInvoker.invokeTestMethods(TestInvoker.java:146)
at org.testng.internal.TestMethodWorker.invokeTestMethods(TestMethodWorker.java:146)
at org.testng.internal.TestMethodWorker.run(TestMethodWorker.java:128)
at java.base/java.util.concurrent.ThreadPoolExecutor.runWorker(ThreadPoolExecutor.java:1128)
at java.base/java.util.concurrent.ThreadPoolExecutor$Worker.run(ThreadPoolExecutor.java:628)
at java.base/java.lang.Thread.run(Thread.java:829)
]]>
    </error>
  </testcase> <!-- verifyItemNameAndQuantityPassedFromListingToCheckoutScreen -->
  <system-out>
Navigated to: https://puffy.com/products/puffy-lux-mattress  <a href='/selenium/screenshots/verifyItemNameAndQuantityPassedFromListingToCheckoutScreen1672480646342.png'> <img src='/selenium/screenshots/verifyItemNameAndQuantityPassedFromListingToCheckoutScreen1672480646342.png' height='400' width='800'/> </a>    <a href='/selenium/screenshots/verifyItemNameAndQuantityPassedFromListingToCheckoutScreen1672480647197.png'> <img src='/selenium/screenshots/verifyItemNameAndQuantityPassedFromListingToCheckoutScreen1672480647197.png' height='400' width='800'/> </a>    </system-out>
  <testcase classname="OrderPlacement" name="verifyDifferentSizesOfSameProductCanBeSelected" time="2.930"/>
  <system-out>
Navigated to: https://puffy.com/products/puffy-lux-mattress Clicked on model: King Product size is displayed as: 76"W x 80"L x 12"H Product price is displayed as: $2,449  </system-out>
  <testcase classname="OrderPlacement" name="verifyImageAndVideoSlidesOnSelection" time="2.674"/>
  <system-out>
Navigated to: https://puffy.com/products/puffy-lux-mattress Product images/video slides are displayed  </system-out>
  <testcase classname="OrderPlacement" name="verifyDifferentSizesOfSameProductCanBeSelected" time="2.843"/>
  <system-out>
Navigated to: https://puffy.com/products/puffy-lux-mattress Clicked on model: Queen Product size is displayed as: 60"W x 80"L x 12"H Product price is displayed as: $2,249  </system-out>
  <testcase classname="OrderPlacement" name="verifyMultipleProductsCanBeAddedToCart" time="7.625">
    <error message="element click intercepted: Element &lt;span class=&quot;text&quot;&gt;...&lt;/span&gt; is not clickable at point (1431, 869). Other element would receive the click: &lt;div class=&quot;popup__overlay&quot; data-popup-close=&quot;&quot;&gt;&lt;/div&gt;
  (Session info: chrome=108.0.5359.124)
Build info: version: &#039;4.0.0-alpha-6&#039;, revision: &#039;5f43a29cfc&#039;
System info: host: &#039;Vinayak-Kaladhar&#039;, ip: &#039;fe80:0:0:0:880:d3f6:2191:2805%en0&#039;, os.name: &#039;Mac OS X&#039;, os.arch: &#039;x86_64&#039;, os.version: &#039;11.3.1&#039;, java.version: &#039;11.0.14.1&#039;
Driver info: org.openqa.selenium.chrome.ChromeDriver
Capabilities {acceptInsecureCerts: false, browserName: chrome, browserVersion: 108.0.5359.124, chrome: {chromedriverVersion: 108.0.5359.71 (1e0e3868ee06..., userDataDir: /var/folders/xx/mjnyh9b14qz...}, goog:chromeOptions: {debuggerAddress: localhost:63377}, javascriptEnabled: true, networkConnectionEnabled: false, pageLoadStrategy: normal, platform: MAC, platformName: MAC, proxy: Proxy(), setWindowRect: true, strictFileInteractability: false, timeouts: {implicit: 0, pageLoad: 300000, script: 30000}, unhandledPromptBehavior: dismiss and notify, webauthn:extension:credBlob: true, webauthn:extension:largeBlob: true, webauthn:virtualAuthenticators: true}
Session ID: 9582031918ac979437ae19c6bdf5e862" type="org.openqa.selenium.ElementClickInterceptedException">
      <![CDATA[org.openqa.selenium.ElementClickInterceptedException: element click intercepted: Element <span class="text">...</span> is not clickable at point (1431, 869). Other element would receive the click: <div class="popup__overlay" data-popup-close=""></div>
  (Session info: chrome=108.0.5359.124)
Build info: version: '4.0.0-alpha-6', revision: '5f43a29cfc'
System info: host: 'Vinayak-Kaladhar', ip: 'fe80:0:0:0:880:d3f6:2191:2805%en0', os.name: 'Mac OS X', os.arch: 'x86_64', os.version: '11.3.1', java.version: '11.0.14.1'
Driver info: org.openqa.selenium.chrome.ChromeDriver
Capabilities {acceptInsecureCerts: false, browserName: chrome, browserVersion: 108.0.5359.124, chrome: {chromedriverVersion: 108.0.5359.71 (1e0e3868ee06..., userDataDir: /var/folders/xx/mjnyh9b14qz...}, goog:chromeOptions: {debuggerAddress: localhost:63377}, javascriptEnabled: true, networkConnectionEnabled: false, pageLoadStrategy: normal, platform: MAC, platformName: MAC, proxy: Proxy(), setWindowRect: true, strictFileInteractability: false, timeouts: {implicit: 0, pageLoad: 300000, script: 30000}, unhandledPromptBehavior: dismiss and notify, webauthn:extension:credBlob: true, webauthn:extension:largeBlob: true, webauthn:virtualAuthenticators: true}
Session ID: 9582031918ac979437ae19c6bdf5e862
at java.base/jdk.internal.reflect.NativeConstructorAccessorImpl.newInstance0(Native Method)
at java.base/jdk.internal.reflect.NativeConstructorAccessorImpl.newInstance(NativeConstructorAccessorImpl.java:62)
at java.base/jdk.internal.reflect.DelegatingConstructorAccessorImpl.newInstance(DelegatingConstructorAccessorImpl.java:45)
at java.base/java.lang.reflect.Constructor.newInstance(Constructor.java:490)
at org.openqa.selenium.remote.codec.w3c.W3CHttpResponseCodec.createException(W3CHttpResponseCodec.java:196)
at org.openqa.selenium.remote.codec.w3c.W3CHttpResponseCodec.decode(W3CHttpResponseCodec.java:129)
at org.openqa.selenium.remote.codec.w3c.W3CHttpResponseCodec.decode(W3CHttpResponseCodec.java:53)
at org.openqa.selenium.remote.HttpCommandExecutor.execute(HttpCommandExecutor.java:160)
at org.openqa.selenium.remote.service.DriverCommandExecutor.execute(DriverCommandExecutor.java:83)
at org.openqa.selenium.remote.RemoteWebDriver.execute(RemoteWebDriver.java:582)
at org.openqa.selenium.remote.RemoteWebElement.execute(RemoteWebElement.java:316)
at org.openqa.selenium.remote.RemoteWebElement.click(RemoteWebElement.java:85)
at POM.ProductListingPage.clickOnButton(ProductListingPage.java:152)
at OrderPlacement.verifyMultipleProductsCanBeAddedToCart(OrderPlacement.java:81)
at java.base/jdk.internal.reflect.NativeMethodAccessorImpl.invoke0(Native Method)
at java.base/jdk.internal.reflect.NativeMethodAccessorImpl.invoke(NativeMethodAccessorImpl.java:62)
at java.base/jdk.internal.reflect.DelegatingMethodAccessorImpl.invoke(DelegatingMethodAccessorImpl.java:43)
at java.base/java.lang.reflect.Method.invoke(Method.java:566)
at org.testng.internal.MethodInvocationHelper.invokeMethod(MethodInvocationHelper.java:134)
at org.testng.internal.TestInvoker.invokeMethod(TestInvoker.java:597)
at org.testng.internal.TestInvoker.invokeTestMethod(TestInvoker.java:173)
at org.testng.internal.MethodRunner.runInSequence(MethodRunner.java:46)
at org.testng.internal.TestInvoker$MethodInvocationAgent.invoke(TestInvoker.java:816)
at org.testng.internal.TestInvoker.invokeTestMethods(TestInvoker.java:146)
at org.testng.internal.TestMethodWorker.invokeTestMethods(TestMethodWorker.java:146)
at org.testng.internal.TestMethodWorker.run(TestMethodWorker.java:128)
at java.base/java.util.concurrent.ThreadPoolExecutor.runWorker(ThreadPoolExecutor.java:1128)
at java.base/java.util.concurrent.ThreadPoolExecutor$Worker.run(ThreadPoolExecutor.java:628)
at java.base/java.lang.Thread.run(Thread.java:829)
]]>
    </error>
  </testcase> <!-- verifyMultipleProductsCanBeAddedToCart -->
  <system-out>
Navigated to: https://puffy.com/products/puffy-lux-mattress Product has been added to cart first time with items in cart count: 1  <a href='/selenium/screenshots/verifyMultipleProductsCanBeAddedToCart1672480655490.png'> <img src='/selenium/screenshots/verifyMultipleProductsCanBeAddedToCart1672480655490.png' height='400' width='800'/> </a>    <a href='/selenium/screenshots/verifyMultipleProductsCanBeAddedToCart1672480656334.png'> <img src='/selenium/screenshots/verifyMultipleProductsCanBeAddedToCart1672480656334.png' height='400' width='800'/> </a>    </system-out>
  <testcase classname="OrderPlacement" name="verifyDifferentSizesOfSameProductCanBeSelected" time="2.961"/>
  <system-out>
Navigated to: https://puffy.com/products/puffy-lux-mattress Clicked on model: Twin XL Product size is displayed as: 38"W x 80"L x 12"H Product price is displayed as: $1,799  </system-out>
  <testcase classname="OrderPlacement" name="verifyDeliveryStatusAndEstimatedDeliveryDate" time="2.489"/>
  <system-out>
Navigated to: https://puffy.com/products/puffy-lux-mattress Estimated month of delivery date is:January Delivery status is Ready to ship  </system-out>
  <testcase classname="OrderPlacement" name="verifyProductIsListedOnUsingDeepLink" time="2.677"/>
  <system-out>
Navigated to: https://puffy.com/products/puffy-lux-mattress  </system-out>
  <testcase classname="OrderPlacement" name="verifyDefaultSelectedProductSpecs" time="2.978"/>
  <system-out>
Navigated to: https://puffy.com/products/puffy-lux-mattress Default model Twin is selected Verified default model: Twin specifications  </system-out>
  <testcase classname="OrderPlacement" name="verifyProductReviewsRatingAndFAQs" time="5.514"/>
  <system-out>
Navigated to: https://puffy.com/products/puffy-lux-mattress Product rating is displayed as >= 4 Review and FAQ sections are displayed  </system-out>
  <testcase classname="OrderPlacement" name="verifyCheckoutFromProductsAddedToCart" time="10.498">
    <error message="element not interactable
  (Session info: chrome=108.0.5359.124)
Build info: version: &#039;4.0.0-alpha-6&#039;, revision: &#039;5f43a29cfc&#039;
System info: host: &#039;Vinayak-Kaladhar&#039;, ip: &#039;fe80:0:0:0:880:d3f6:2191:2805%en0&#039;, os.name: &#039;Mac OS X&#039;, os.arch: &#039;x86_64&#039;, os.version: &#039;11.3.1&#039;, java.version: &#039;11.0.14.1&#039;
Driver info: org.openqa.selenium.chrome.ChromeDriver
Capabilities {acceptInsecureCerts: false, browserName: chrome, browserVersion: 108.0.5359.124, chrome: {chromedriverVersion: 108.0.5359.71 (1e0e3868ee06..., userDataDir: /var/folders/xx/mjnyh9b14qz...}, goog:chromeOptions: {debuggerAddress: localhost:63377}, javascriptEnabled: true, networkConnectionEnabled: false, pageLoadStrategy: normal, platform: MAC, platformName: MAC, proxy: Proxy(), setWindowRect: true, strictFileInteractability: false, timeouts: {implicit: 0, pageLoad: 300000, script: 30000}, unhandledPromptBehavior: dismiss and notify, webauthn:extension:credBlob: true, webauthn:extension:largeBlob: true, webauthn:virtualAuthenticators: true}
Session ID: 9582031918ac979437ae19c6bdf5e862" type="org.openqa.selenium.ElementNotInteractableException">
      <![CDATA[org.openqa.selenium.ElementNotInteractableException: element not interactable
  (Session info: chrome=108.0.5359.124)
Build info: version: '4.0.0-alpha-6', revision: '5f43a29cfc'
System info: host: 'Vinayak-Kaladhar', ip: 'fe80:0:0:0:880:d3f6:2191:2805%en0', os.name: 'Mac OS X', os.arch: 'x86_64', os.version: '11.3.1', java.version: '11.0.14.1'
Driver info: org.openqa.selenium.chrome.ChromeDriver
Capabilities {acceptInsecureCerts: false, browserName: chrome, browserVersion: 108.0.5359.124, chrome: {chromedriverVersion: 108.0.5359.71 (1e0e3868ee06..., userDataDir: /var/folders/xx/mjnyh9b14qz...}, goog:chromeOptions: {debuggerAddress: localhost:63377}, javascriptEnabled: true, networkConnectionEnabled: false, pageLoadStrategy: normal, platform: MAC, platformName: MAC, proxy: Proxy(), setWindowRect: true, strictFileInteractability: false, timeouts: {implicit: 0, pageLoad: 300000, script: 30000}, unhandledPromptBehavior: dismiss and notify, webauthn:extension:credBlob: true, webauthn:extension:largeBlob: true, webauthn:virtualAuthenticators: true}
Session ID: 9582031918ac979437ae19c6bdf5e862
at java.base/jdk.internal.reflect.NativeConstructorAccessorImpl.newInstance0(Native Method)
at java.base/jdk.internal.reflect.NativeConstructorAccessorImpl.newInstance(NativeConstructorAccessorImpl.java:62)
at java.base/jdk.internal.reflect.DelegatingConstructorAccessorImpl.newInstance(DelegatingConstructorAccessorImpl.java:45)
at java.base/java.lang.reflect.Constructor.newInstance(Constructor.java:490)
at org.openqa.selenium.remote.codec.w3c.W3CHttpResponseCodec.createException(W3CHttpResponseCodec.java:196)
at org.openqa.selenium.remote.codec.w3c.W3CHttpResponseCodec.decode(W3CHttpResponseCodec.java:129)
at org.openqa.selenium.remote.codec.w3c.W3CHttpResponseCodec.decode(W3CHttpResponseCodec.java:53)
at org.openqa.selenium.remote.HttpCommandExecutor.execute(HttpCommandExecutor.java:160)
at org.openqa.selenium.remote.service.DriverCommandExecutor.execute(DriverCommandExecutor.java:83)
at org.openqa.selenium.remote.RemoteWebDriver.execute(RemoteWebDriver.java:582)
at org.openqa.selenium.remote.RemoteWebElement.execute(RemoteWebElement.java:316)
at org.openqa.selenium.remote.RemoteWebElement.click(RemoteWebElement.java:85)
at java.base/jdk.internal.reflect.NativeMethodAccessorImpl.invoke0(Native Method)
at java.base/jdk.internal.reflect.NativeMethodAccessorImpl.invoke(NativeMethodAccessorImpl.java:62)
at java.base/jdk.internal.reflect.DelegatingMethodAccessorImpl.invoke(DelegatingMethodAccessorImpl.java:43)
at java.base/java.lang.reflect.Method.invoke(Method.java:566)
at org.openqa.selenium.support.pagefactory.internal.LocatingElementHandler.invoke(LocatingElementHandler.java:52)
at com.sun.proxy.$Proxy17.click(Unknown Source)
at POM.ProductListingPage.clickOnCartAndCheckout(ProductListingPage.java:194)
at OrderPlacement.verifyCheckoutFromProductsAddedToCart(OrderPlacement.java:138)
at java.base/jdk.internal.reflect.NativeMethodAccessorImpl.invoke0(Native Method)
at java.base/jdk.internal.reflect.NativeMethodAccessorImpl.invoke(NativeMethodAccessorImpl.java:62)
at java.base/jdk.internal.reflect.DelegatingMethodAccessorImpl.invoke(DelegatingMethodAccessorImpl.java:43)
at java.base/java.lang.reflect.Method.invoke(Method.java:566)
at org.testng.internal.MethodInvocationHelper.invokeMethod(MethodInvocationHelper.java:134)
at org.testng.internal.TestInvoker.invokeMethod(TestInvoker.java:597)
at org.testng.internal.TestInvoker.invokeTestMethod(TestInvoker.java:173)
at org.testng.internal.MethodRunner.runInSequence(MethodRunner.java:46)
at org.testng.internal.TestInvoker$MethodInvocationAgent.invoke(TestInvoker.java:816)
at org.testng.internal.TestInvoker.invokeTestMethods(TestInvoker.java:146)
at org.testng.internal.TestMethodWorker.invokeTestMethods(TestMethodWorker.java:146)
at org.testng.internal.TestMethodWorker.run(TestMethodWorker.java:128)
at java.base/java.util.concurrent.ThreadPoolExecutor.runWorker(ThreadPoolExecutor.java:1128)
at java.base/java.util.concurrent.ThreadPoolExecutor$Worker.run(ThreadPoolExecutor.java:628)
at java.base/java.lang.Thread.run(Thread.java:829)
]]>
    </error>
  </testcase> <!-- verifyCheckoutFromProductsAddedToCart -->
  <system-out>
Navigated to: https://puffy.com/products/puffy-lux-mattress  <a href='/selenium/screenshots/verifyCheckoutFromProductsAddedToCart1672480601727.png'> <img src='/selenium/screenshots/verifyCheckoutFromProductsAddedToCart1672480601727.png' height='400' width='800'/> </a>    <a href='/selenium/screenshots/verifyCheckoutFromProductsAddedToCart1672480603528.png'> <img src='/selenium/screenshots/verifyCheckoutFromProductsAddedToCart1672480603528.png' height='400' width='800'/> </a>    </system-out>
  <testcase classname="OrderPlacement" name="verifyDifferentSizesOfSameProductCanBeSelected" time="2.943"/>
  <system-out>
Navigated to: https://puffy.com/products/puffy-lux-mattress Clicked on model: Split King Product size is displayed as: 2 - 38"W x 80"L x 12"H Product price is displayed as: $3,598  </system-out>
  <testcase classname="OrderPlacement" name="verifyDifferentSizesOfSameProductCanBeSelected" time="3.340"/>
  <system-out>
Navigated to: https://puffy.com/products/puffy-lux-mattress Clicked on model: Full Product size is displayed as: 54"W x 75"L x 12"H Product price is displayed as: $2,049  </system-out>
  <testcase classname="OrderPlacement" name="verifyDifferentSizesOfSameProductCanBeSelected" time="2.548"/>
  <system-out>
Navigated to: https://puffy.com/products/puffy-lux-mattress Clicked on model: Cal King Product size is displayed as: 72"W x 84"L x 12"H Product price is displayed as: $2,449  </system-out>
  <testcase classname="OrderPlacement" name="verifyProductCanBeCheckedOutUsingBuyNow" time="9.616"/>
  <system-out>
Navigated to: https://puffy.com/products/puffy-lux-mattress Product has been checked out using Buy Now option  </system-out>
  <testcase classname="OrderPlacement" name="verifyProductFeaturesAndReasonsToBuy" time="2.978"/>
  <system-out>
Navigated to: https://puffy.com/products/puffy-lux-mattress  </system-out>
  <testcase classname="OrderPlacement" name="verifyFreeAddonsAndPricePassedFromListingToCheckoutScreen" time="10.396"/>
  <system-out>
Navigated to: https://puffy.com/products/puffy-lux-mattress Clicked on model: Queen Model price: $2,249 Navigated to checkout page Checked out screen is displayed  </system-out>
</testsuite> <!-- OrderPlacement -->
